# JRE version: Java(TM) SE Runtime Environment (18.0.2.1+1) (build 18.0.2.1+1-1)
# Java VM: Java HotSpot(TM) 64-Bit Server VM (18.0.2.1+1-1, mixed mode, sharing, tiered, compressed oops, compressed class ptrs, g1 gc, windows-amd64)
GC Precious Log:
 CardTable entry size: 512
 Card Set container configuration: InlinePtr #cards 5 size 8 Array Of Cards #cards 12 size 40 Howl #buckets 4 coarsen threshold 1843 Howl Bitmap #cards 512 size 80 coarsen threshold 460 Card regions per heap region 1 cards per card region 2048
 CPUs: 8 total, 8 available
 Memory: 7971M
 Large Page Support: Disabled
 NUMA Support: Disabled
 Compressed Oops: Enabled (32-bit)
 Heap Region Size: 1M
 Heap Min Capacity: 8M
 Heap Initial Capacity: 126M
 Heap Max Capacity: 1994M
 Pre-touch: Disabled
 Parallel Workers: 8
 Concurrent Workers: 2
 Concurrent Refinement Workers: 8
 Periodic GC: Disabled
Heap:
 garbage-first heap   total 112640K, used 44055K [0x0000000083600000, 0x0000000100000000)
  region size 1024K, 11 young (11264K), 4 survivors (4096K)
 Metaspace       used 72661K, committed 73216K, reserved 1114112K
  class space    used 9074K, committed 9344K, reserved 1048576K
GC Heap History (20 events):
Event: 6.948 GC heap before
{Heap before GC invocations=26 (full 0):
 garbage-first heap   total 92160K, used 71685K [0x0000000083600000, 0x0000000100000000)
  region size 1024K, 32 young (32768K), 6 survivors (6144K)
 Metaspace       used 65342K, committed 65856K, reserved 1114112K
  class space    used 8314K, committed 8576K, reserved 1048576K
}
Event: 6.954 GC heap after
{Heap after GC invocations=27 (full 0):
 garbage-first heap   total 110592K, used 50850K [0x0000000083600000, 0x0000000100000000)
  region size 1024K, 4 young (4096K), 4 survivors (4096K)
 Metaspace       used 65342K, committed 65856K, reserved 1114112K
  class space    used 8314K, committed 8576K, reserved 1048576K
}
Event: 7.087 GC heap before
{Heap before GC invocations=27 (full 0):
 garbage-first heap   total 110592K, used 82594K [0x0000000083600000, 0x0000000100000000)
  region size 1024K, 34 young (34816K), 4 survivors (4096K)
 Metaspace       used 65429K, committed 65984K, reserved 1114112K
  class space    used 8318K, committed 8640K, reserved 1048576K
}
Event: 7.094 GC heap after
{Heap after GC invocations=28 (full 0):
 garbage-first heap   total 110592K, used 60356K [0x0000000083600000, 0x0000000100000000)
  region size 1024K, 5 young (5120K), 5 survivors (5120K)
 Metaspace       used 65429K, committed 65984K, reserved 1114112K
  class space    used 8318K, committed 8640K, reserved 1048576K
}
Event: 7.152 GC heap before
{Heap before GC invocations=28 (full 0):
 garbage-first heap   total 110592K, used 80836K [0x0000000083600000, 0x0000000100000000)
  region size 1024K, 27 young (27648K), 5 survivors (5120K)
 Metaspace       used 65436K, committed 66048K, reserved 1114112K
  class space    used 8318K, committed 8640K, reserved 1048576K
}
Event: 7.156 GC heap after
{Heap after GC invocations=29 (full 0):
 garbage-first heap   total 110592K, used 65978K [0x0000000083600000, 0x0000000100000000)
  region size 1024K, 4 young (4096K), 4 survivors (4096K)
 Metaspace       used 65436K, committed 66048K, reserved 1114112K
  class space    used 8318K, committed 8640K, reserved 1048576K
}
Event: 7.413 GC heap before
{Heap before GC invocations=30 (full 0):
 garbage-first heap   total 121856K, used 82362K [0x0000000083600000, 0x0000000100000000)
  region size 1024K, 23 young (23552K), 4 survivors (4096K)
 Metaspace       used 66298K, committed 66816K, reserved 1114112K
  class space    used 8420K, committed 8704K, reserved 1048576K
}
Event: 7.418 GC heap after
{Heap after GC invocations=31 (full 0):
 garbage-first heap   total 121856K, used 66391K [0x0000000083600000, 0x0000000100000000)
  region size 1024K, 3 young (3072K), 3 survivors (3072K)
 Metaspace       used 66298K, committed 66816K, reserved 1114112K
  class space    used 8420K, committed 8704K, reserved 1048576K
}
Event: 7.462 GC heap before
{Heap before GC invocations=31 (full 0):
 garbage-first heap   total 121856K, used 68439K [0x0000000083600000, 0x0000000100000000)
  region size 1024K, 5 young (5120K), 3 survivors (3072K)
 Metaspace       used 66439K, committed 67072K, reserved 1114112K
  class space    used 8437K, committed 8768K, reserved 1048576K
}
Event: 7.465 GC heap after
{Heap after GC invocations=32 (full 0):
 garbage-first heap   total 121856K, used 59505K [0x0000000083600000, 0x0000000100000000)
  region size 1024K, 1 young (1024K), 1 survivors (1024K)
 Metaspace       used 66439K, committed 67072K, reserved 1114112K
  class space    used 8437K, committed 8768K, reserved 1048576K
}
Event: 14.196 GC heap before
{Heap before GC invocations=32 (full 0):
 garbage-first heap   total 121856K, used 88177K [0x0000000083600000, 0x0000000100000000)
  region size 1024K, 30 young (30720K), 1 survivors (1024K)
 Metaspace       used 69653K, committed 70208K, reserved 1114112K
  class space    used 8826K, committed 9088K, reserved 1048576K
}
Event: 14.200 GC heap after
{Heap after GC invocations=33 (full 0):
 garbage-first heap   total 174080K, used 60121K [0x0000000083600000, 0x0000000100000000)
  region size 1024K, 2 young (2048K), 2 survivors (2048K)
 Metaspace       used 69653K, committed 70208K, reserved 1114112K
  class space    used 8826K, committed 9088K, reserved 1048576K
}
Event: 179.859 GC heap before
{Heap before GC invocations=34 (full 0):
 garbage-first heap   total 174080K, used 91865K [0x0000000083600000, 0x0000000100000000)
  region size 1024K, 40 young (40960K), 2 survivors (2048K)
 Metaspace       used 70796K, committed 71360K, reserved 1114112K
  class space    used 8986K, committed 9280K, reserved 1048576K
}
Event: 179.896 GC heap after
{Heap after GC invocations=35 (full 1):
 garbage-first heap   total 112640K, used 31164K [0x0000000083600000, 0x0000000100000000)
  region size 1024K, 0 young (0K), 0 survivors (0K)
 Metaspace       used 70796K, committed 71360K, reserved 1114112K
  class space    used 8986K, committed 9280K, reserved 1048576K
}
Event: 180.516 GC heap before
{Heap before GC invocations=35 (full 1):
 garbage-first heap   total 112640K, used 74172K [0x0000000083600000, 0x0000000100000000)
  region size 1024K, 42 young (43008K), 0 survivors (0K)
 Metaspace       used 71321K, committed 71936K, reserved 1114112K
  class space    used 9022K, committed 9280K, reserved 1048576K
}
Event: 180.518 GC heap after
{Heap after GC invocations=36 (full 1):
 garbage-first heap   total 112640K, used 34172K [0x0000000083600000, 0x0000000100000000)
  region size 1024K, 3 young (3072K), 3 survivors (3072K)
 Metaspace       used 71321K, committed 71936K, reserved 1114112K
  class space    used 9022K, committed 9280K, reserved 1048576K
}
Event: 180.858 GC heap before
{Heap before GC invocations=36 (full 1):
 garbage-first heap   total 112640K, used 79228K [0x0000000083600000, 0x0000000100000000)
  region size 1024K, 46 young (47104K), 3 survivors (3072K)
 Metaspace       used 71893K, committed 72512K, reserved 1114112K
  class space    used 9037K, committed 9344K, reserved 1048576K
}
Event: 180.862 GC heap after
{Heap after GC invocations=37 (full 1):
 garbage-first heap   total 112640K, used 36045K [0x0000000083600000, 0x0000000100000000)
  region size 1024K, 5 young (5120K), 5 survivors (5120K)
 Metaspace       used 71893K, committed 72512K, reserved 1114112K
  class space    used 9037K, committed 9344K, reserved 1048576K
}
Event: 181.202 GC heap before
{Heap before GC invocations=37 (full 1):
 garbage-first heap   total 112640K, used 80077K [0x0000000083600000, 0x0000000100000000)
  region size 1024K, 48 young (49152K), 5 survivors (5120K)
 Metaspace       used 72537K, committed 73152K, reserved 1114112K
  class space    used 9067K, committed 9344K, reserved 1048576K
}
Event: 181.206 GC heap after
{Heap after GC invocations=38 (full 1):
 garbage-first heap   total 112640K, used 37911K [0x0000000083600000, 0x0000000100000000)
  region size 1024K, 4 young (4096K), 4 survivors (4096K)
 Metaspace       used 72537K, committed 73152K, reserved 1114112K
  class space    used 9067K, committed 9344K, reserved 1048576K
}

